[
  {
    "deployment_id": "debbsqngrtmyecprtvvb_025bc107-ad94-4409-a8eb-580b2bfd9662_1",
    "execution_id": "faa8b030-370e-41f5-bf2e-a175bcd34a3d",
    "execution_time_ms": 287,
    "function_id": "025bc107-ad94-4409-a8eb-580b2bfd9662",
    "project_ref": "debbsqngrtmyecprtvvb",
    "request": [
      {
        "headers": [
          {
            "accept": "*/*",
            "accept_encoding": "gzip, br",
            "connection": "Keep-Alive",
            "content_length": "81",
            "cookie": null,
            "host": "debbsqngrtmyecprtvvb.supabase.co",
            "user_agent": "Mozilla/5.0 (Windows NT 10.0; Win64; x64) AppleWebKit/537.36 (KHTML, like Gecko) Chrome/147.0.0.0 Safari/537.36",
            "x_client_info": "supabase-js-web/2.105.3"
          }
        ],
        "host": "debbsqngrtmyecprtvvb.supabase.co",
        "method": "POST",
        "pathname": "/functions/v1/email-invite",
        "port": null,
        "protocol": "https:",
        "sb": [
          {
            "apikey": [
              {
                "apikey": [
                  {
                    "error": null,
                    "hash": "amaRYINE1HbeWadWg9fg7zATXr1ycw47y1CkLbLkFVQ",
                    "prefix": "sb_publishable_nR_aA"
                  }
                ],
                "authorization": []
              }
            ],
            "auth_user": "6a4339bf-169b-4758-ab0a-ec940d99464b",
            "jwt": [
              {
                "apikey": [],
                "authorization": [
                  {
                    "invalid": null,
                    "payload": [
                      {
                        "algorithm": "ES256",
                        "expires_at": 1778104025,
                        "issued_at": 1778100425,
                        "issuer": "https://debbsqngrtmyecprtvvb.supabase.co/auth/v1",
                        "key_id": "04328a26-b11c-436a-8a63-dc2d0ebf4a14",
                        "role": "authenticated",
                        "session_id": "92d956a1-1ab0-49e5-b65f-d0aad40ee338",
                        "signature_prefix": "u7W5BK",
                        "subject": "6a4339bf-169b-4758-ab0a-ec940d99464b"
                      }
                    ]
                  }
                ]
              }
            ]
          }
        ],
        "search": null,
        "url": "https://debbsqngrtmyecprtvvb.supabase.co/functions/v1/email-invite"
      }
    ],
    "response": [
      {
        "headers": [
          {
            "content_length": "232",
            "content_type": "application/json",
            "date": "Wed, 06 May 2026 21:06:13 GMT",
            "sb_error_code": null,
            "sb_request_id": null,
            "server": "cloudflare",
            "vary": "Accept-Encoding",
            "x_envoy_upstream_service_time": null,
            "x_sb_compute_multiplier": null,
            "x_sb_edge_region": "us-east-2",
            "x_sb_resource_multiplier": null,
            "x_served_by": "supabase-edge-runtime"
          }
        ],
        "status_code": 400
      }
    ],
    "version": "1"
  }
]